TN:
SF:src/modules/appointments/services/CreateAppointmentService.ts
FN:73,__decorate
FN:73,__metadata
FN:73,__param
FN:73,__awaiter
FN:73,adopt
FN:73,fulfilled
FN:73,rejected
FN:73,step
FN:73,__generator
FN:73,sent
FN:73,g.<computed>
FN:73,verb
FN:73,step
FN:73,__importDefault
FN:17,CreateAppointmentService
FN:25,CreateAppointmentService.execute
FNF:16
FNH:14
FNDA:1,__decorate
FNDA:1,__metadata
FNDA:2,__param
FNDA:7,__awaiter
FNDA:6,adopt
FNDA:6,fulfilled
FNDA:0,rejected
FNDA:8,step
FNDA:7,__generator
FNDA:6,sent
FNDA:0,g.<computed>
FNDA:21,verb
FNDA:13,step
FNDA:1,__importDefault
FNDA:5,CreateAppointmentService
FNDA:7,CreateAppointmentService.execute
DA:1,1
DA:2,1
DA:3,1
DA:4,1
DA:5,1
DA:6,1
DA:7,1
DA:8,1
DA:9,1
DA:10,1
DA:11,1
DA:12,1
DA:13,1
DA:14,1
DA:15,1
DA:16,1
DA:17,1
DA:18,5
DA:19,5
DA:20,5
DA:21,5
DA:22,5
DA:23,5
DA:24,1
DA:25,1
DA:26,7
DA:27,7
DA:28,7
DA:29,7
DA:30,7
DA:31,7
DA:32,7
DA:33,4
DA:34,4
DA:35,3
DA:36,7
DA:37,1
DA:38,1
DA:39,2
DA:40,2
DA:41,2
DA:42,7
DA:43,0
DA:44,0
DA:45,0
DA:46,0
DA:47,2
DA:48,2
DA:49,2
DA:50,2
DA:51,7
DA:52,7
DA:53,0
DA:54,0
DA:55,7
DA:56,7
DA:57,7
DA:58,7
DA:59,7
DA:60,7
DA:61,7
DA:62,7
DA:63,7
DA:64,7
DA:65,7
DA:66,7
DA:67,7
DA:68,7
DA:69,7
DA:70,7
DA:71,1
DA:72,1
DA:73,1
LF:73
LH:67
BRDA:73,0,0,1
BRDA:73,1,0,1
BRDA:73,2,0,0
BRDA:73,3,0,0
BRDA:73,4,0,0
BRDA:73,5,0,0
BRDA:73,6,0,1
BRDA:73,7,0,2
BRDA:73,8,0,2
BRDA:73,9,0,7
BRDA:73,10,0,6
BRDA:73,11,0,0
BRDA:73,12,0,7
BRDA:73,13,0,6
BRDA:73,14,0,0
BRDA:73,15,0,8
BRDA:73,16,0,2
BRDA:73,17,0,6
BRDA:73,18,0,7
BRDA:73,19,0,6
BRDA:73,20,0,0
BRDA:73,21,0,21
BRDA:73,22,0,13
BRDA:73,23,0,13
BRDA:73,24,0,0
BRDA:73,25,0,26
BRDA:73,26,0,0
BRDA:73,27,0,0
BRDA:73,28,0,0
BRDA:73,29,0,0
BRDA:73,30,0,13
BRDA:73,31,0,13
BRDA:73,32,0,6
BRDA:73,33,0,0
BRDA:73,34,0,0
BRDA:73,35,0,7
BRDA:73,36,0,0
BRDA:73,37,0,2
BRDA:73,38,0,0
BRDA:73,39,0,0
BRDA:73,40,0,0
BRDA:73,41,0,0
BRDA:73,42,0,13
BRDA:73,43,0,8
BRDA:73,44,0,5
BRDA:73,45,0,13
BRDA:73,46,0,7
BRDA:73,47,0,5
BRDA:73,48,0,2
BRDA:73,49,0,0
BRDA:73,50,0,1
BRDA:73,51,0,0
BRDA:16,52,0,1
BRDA:17,53,0,5
BRDA:25,54,0,7
BRDA:73,55,0,7
BRDA:73,56,0,13
BRDA:73,57,0,7
BRDA:32,58,0,4
BRDA:34,59,0,3
BRDA:36,60,0,1
BRDA:38,61,0,2
BRDA:42,62,0,0
BRDA:46,63,0,2
BRDA:73,64,0,2
BRDA:52,65,0,0
BRDA:73,66,0,2
BRDA:73,67,0,2
BRF:68
BRH:45
end_of_record
TN:
SF:src/modules/appointments/services/ListProviderAppointmentsService.ts
FN:36,__decorate
FN:36,__metadata
FN:36,__param
FN:36,__awaiter
FN:36,adopt
FN:36,fulfilled
FN:36,rejected
FN:36,step
FN:36,__generator
FN:36,sent
FN:36,g.<computed>
FN:36,verb
FN:36,step
FN:13,ListProviderAppointmentService
FN:18,ListProviderAppointmentService.execute
FNF:15
FNH:13
FNDA:1,__decorate
FNDA:1,__metadata
FNDA:1,__param
FNDA:1,__awaiter
FNDA:1,adopt
FNDA:1,fulfilled
FNDA:0,rejected
FNDA:2,step
FNDA:1,__generator
FNDA:1,sent
FNDA:0,g.<computed>
FNDA:3,verb
FNDA:2,step
FNDA:1,ListProviderAppointmentService
FNDA:1,ListProviderAppointmentService.execute
DA:1,1
DA:2,1
DA:3,1
DA:4,1
DA:5,1
DA:6,1
DA:7,1
DA:8,1
DA:9,1
DA:10,1
DA:11,1
DA:12,1
DA:13,1
DA:14,1
DA:15,1
DA:16,1
DA:17,1
DA:18,1
DA:19,1
DA:20,1
DA:21,1
DA:22,1
DA:23,1
DA:24,1
DA:25,1
DA:26,1
DA:27,1
DA:28,1
DA:29,1
DA:30,1
DA:31,1
DA:32,1
DA:33,1
DA:34,1
DA:35,1
DA:36,1
LF:36
LH:36
BRDA:36,0,0,1
BRDA:36,1,0,1
BRDA:36,2,0,0
BRDA:36,3,0,0
BRDA:36,4,0,0
BRDA:36,5,0,0
BRDA:36,6,0,1
BRDA:36,7,0,1
BRDA:36,8,0,1
BRDA:36,9,0,1
BRDA:36,10,0,1
BRDA:36,11,0,0
BRDA:36,12,0,1
BRDA:36,13,0,1
BRDA:36,14,0,0
BRDA:36,15,0,2
BRDA:36,16,0,1
BRDA:36,17,0,1
BRDA:36,18,0,1
BRDA:36,19,0,1
BRDA:36,20,0,0
BRDA:36,21,0,3
BRDA:36,22,0,2
BRDA:36,23,0,2
BRDA:36,24,0,0
BRDA:36,25,0,4
BRDA:36,26,0,0
BRDA:36,27,0,0
BRDA:36,28,0,0
BRDA:36,29,0,0
BRDA:36,30,0,2
BRDA:36,31,0,2
BRDA:36,32,0,1
BRDA:36,33,0,0
BRDA:36,34,0,0
BRDA:36,35,0,1
BRDA:36,36,0,0
BRDA:36,37,0,0
BRDA:36,38,0,0
BRDA:36,39,0,0
BRDA:36,40,0,0
BRDA:36,41,0,2
BRDA:36,42,0,0
BRDA:36,43,0,2
BRDA:36,44,0,1
BRDA:36,45,0,0
BRDA:36,46,0,1
BRDA:36,47,0,0
BRDA:12,48,0,1
BRDA:13,49,0,1
BRDA:18,50,0,1
BRDA:36,51,0,1
BRDA:36,52,0,2
BRDA:24,53,0,1
BRDA:36,54,0,1
BRF:55
BRH:33
end_of_record
TN:
SF:src/modules/appointments/services/ListProviderDayAvailabilityService.ts
FN:66,__decorate
FN:66,__metadata
FN:66,__param
FN:66,__awaiter
FN:66,adopt
FN:66,fulfilled
FN:66,rejected
FN:66,step
FN:66,__generator
FN:66,sent
FN:66,g.<computed>
FN:66,verb
FN:66,step
FN:19,ListProviderDayAvailabilityService
FN:24,ListProviderDayAvailabilityService.execute
FNF:15
FNH:13
FNDA:1,__decorate
FNDA:1,__metadata
FNDA:1,__param
FNDA:1,__awaiter
FNDA:1,adopt
FNDA:1,fulfilled
FNDA:0,rejected
FNDA:2,step
FNDA:1,__generator
FNDA:1,sent
FNDA:0,g.<computed>
FNDA:3,verb
FNDA:2,step
FNDA:1,ListProviderDayAvailabilityService
FNDA:1,ListProviderDayAvailabilityService.execute
DA:1,1
DA:2,1
DA:3,1
DA:4,1
DA:5,1
DA:6,1
DA:7,1
DA:8,1
DA:9,1
DA:10,1
DA:11,1
DA:12,1
DA:13,1
DA:14,1
DA:15,1
DA:16,1
DA:17,1
DA:18,1
DA:19,1
DA:20,1
DA:21,1
DA:22,1
DA:23,1
DA:24,1
DA:25,1
DA:26,1
DA:27,1
DA:28,1
DA:29,1
DA:30,1
DA:31,1
DA:32,1
DA:33,1
DA:34,1
DA:35,1
DA:36,1
DA:37,1
DA:38,1
DA:39,1
DA:40,1
DA:41,1
DA:42,1
DA:43,1
DA:44,1
DA:45,1
DA:46,1
DA:47,1
DA:48,1
DA:49,10
DA:50,10
DA:51,10
DA:52,10
DA:53,10
DA:54,10
DA:55,10
DA:56,10
DA:57,10
DA:58,10
DA:59,10
DA:60,1
DA:61,1
DA:62,1
DA:63,1
DA:64,1
DA:65,1
DA:66,1
LF:66
LH:66
BRDA:66,0,0,1
BRDA:66,1,0,1
BRDA:66,2,0,0
BRDA:66,3,0,0
BRDA:66,4,0,0
BRDA:66,5,0,0
BRDA:66,6,0,1
BRDA:66,7,0,1
BRDA:66,8,0,1
BRDA:66,9,0,1
BRDA:66,10,0,1
BRDA:66,11,0,0
BRDA:66,12,0,1
BRDA:66,13,0,1
BRDA:66,14,0,0
BRDA:66,15,0,2
BRDA:66,16,0,1
BRDA:66,17,0,1
BRDA:66,18,0,1
BRDA:66,19,0,1
BRDA:66,20,0,0
BRDA:66,21,0,3
BRDA:66,22,0,2
BRDA:66,23,0,2
BRDA:66,24,0,0
BRDA:66,25,0,4
BRDA:66,26,0,0
BRDA:66,27,0,0
BRDA:66,28,0,0
BRDA:66,29,0,0
BRDA:66,30,0,2
BRDA:66,31,0,2
BRDA:66,32,0,1
BRDA:66,33,0,0
BRDA:66,34,0,0
BRDA:66,35,0,1
BRDA:66,36,0,0
BRDA:66,37,0,0
BRDA:66,38,0,0
BRDA:66,39,0,0
BRDA:66,40,0,0
BRDA:66,41,0,2
BRDA:66,42,0,0
BRDA:66,43,0,2
BRDA:66,44,0,1
BRDA:66,45,0,0
BRDA:66,46,0,1
BRDA:66,47,0,0
BRDA:18,48,0,1
BRDA:19,49,0,1
BRDA:24,50,0,1
BRDA:66,51,0,1
BRDA:66,52,0,2
BRDA:30,53,0,1
BRDA:66,54,0,1
BRDA:43,55,0,10
BRDA:48,56,0,10
BRDA:58,57,0,8
BRDA:50,58,0,19
BRF:59
BRH:37
end_of_record
TN:
SF:src/modules/appointments/services/ListProviderMonthAvailabilityService.ts
FN:54,__decorate
FN:54,__metadata
FN:54,__param
FN:54,__awaiter
FN:54,adopt
FN:54,fulfilled
FN:54,rejected
FN:54,step
FN:54,__generator
FN:54,sent
FN:54,g.<computed>
FN:54,verb
FN:54,step
FN:18,ListProviderMonthAvailabilityService
FN:23,ListProviderMonthAvailabilityService.execute
FNF:15
FNH:13
FNDA:1,__decorate
FNDA:1,__metadata
FNDA:1,__param
FNDA:1,__awaiter
FNDA:1,adopt
FNDA:1,fulfilled
FNDA:0,rejected
FNDA:2,step
FNDA:1,__generator
FNDA:1,sent
FNDA:0,g.<computed>
FNDA:3,verb
FNDA:2,step
FNDA:1,ListProviderMonthAvailabilityService
FNDA:1,ListProviderMonthAvailabilityService.execute
DA:1,1
DA:2,1
DA:3,1
DA:4,1
DA:5,1
DA:6,1
DA:7,1
DA:8,1
DA:9,1
DA:10,1
DA:11,1
DA:12,1
DA:13,1
DA:14,1
DA:15,1
DA:16,1
DA:17,1
DA:18,1
DA:19,1
DA:20,1
DA:21,1
DA:22,1
DA:23,1
DA:24,1
DA:25,1
DA:26,1
DA:27,1
DA:28,1
DA:29,1
DA:30,1
DA:31,1
DA:32,1
DA:33,1
DA:34,1
DA:35,1
DA:36,1
DA:37,1
DA:38,1
DA:39,1
DA:40,31
DA:41,341
DA:42,31
DA:43,31
DA:44,31
DA:45,31
DA:46,31
DA:47,31
DA:48,1
DA:49,1
DA:50,1
DA:51,1
DA:52,1
DA:53,1
DA:54,1
LF:54
LH:54
BRDA:54,0,0,1
BRDA:54,1,0,1
BRDA:54,2,0,0
BRDA:54,3,0,0
BRDA:54,4,0,0
BRDA:54,5,0,0
BRDA:54,6,0,1
BRDA:54,7,0,1
BRDA:54,8,0,1
BRDA:54,9,0,1
BRDA:54,10,0,1
BRDA:54,11,0,0
BRDA:54,12,0,1
BRDA:54,13,0,1
BRDA:54,14,0,0
BRDA:54,15,0,2
BRDA:54,16,0,1
BRDA:54,17,0,1
BRDA:54,18,0,1
BRDA:54,19,0,1
BRDA:54,20,0,0
BRDA:54,21,0,3
BRDA:54,22,0,2
BRDA:54,23,0,2
BRDA:54,24,0,0
BRDA:54,25,0,4
BRDA:54,26,0,0
BRDA:54,27,0,0
BRDA:54,28,0,0
BRDA:54,29,0,0
BRDA:54,30,0,2
BRDA:54,31,0,2
BRDA:54,32,0,1
BRDA:54,33,0,0
BRDA:54,34,0,0
BRDA:54,35,0,1
BRDA:54,36,0,0
BRDA:54,37,0,0
BRDA:54,38,0,0
BRDA:54,39,0,0
BRDA:54,40,0,0
BRDA:54,41,0,2
BRDA:54,42,0,0
BRDA:54,43,0,2
BRDA:54,44,0,1
BRDA:54,45,0,0
BRDA:54,46,0,1
BRDA:54,47,0,0
BRDA:17,48,0,1
BRDA:18,49,0,1
BRDA:23,50,0,1
BRDA:54,51,0,1
BRDA:54,52,0,2
BRDA:24,53,0,1
BRDA:54,54,0,1
BRDA:36,55,0,31
BRDA:39,56,0,31
BRDA:40,57,0,341
BRF:58
BRH:36
end_of_record
TN:
SF:src/modules/appointments/services/ListProvidersService.ts
FN:25,__decorate
FN:25,__metadata
FN:25,__param
FN:25,__awaiter
FN:25,adopt
FN:25,fulfilled
FN:25,rejected
FN:25,step
FN:25,__generator
FN:25,sent
FN:25,g.<computed>
FN:25,verb
FN:25,step
FN:11,ListProvidersService
FN:16,ListProvidersService.execute
FNF:15
FNH:13
FNDA:1,__decorate
FNDA:1,__metadata
FNDA:1,__param
FNDA:1,__awaiter
FNDA:1,adopt
FNDA:1,fulfilled
FNDA:0,rejected
FNDA:2,step
FNDA:1,__generator
FNDA:1,sent
FNDA:0,g.<computed>
FNDA:3,verb
FNDA:2,step
FNDA:1,ListProvidersService
FNDA:1,ListProvidersService.execute
DA:1,1
DA:2,1
DA:3,1
DA:4,1
DA:5,1
DA:6,1
DA:7,1
DA:8,1
DA:9,1
DA:10,1
DA:11,1
DA:12,1
DA:13,1
DA:14,1
DA:15,1
DA:16,1
DA:17,1
DA:18,1
DA:19,1
DA:20,1
DA:21,1
DA:22,1
DA:23,1
DA:24,1
DA:25,1
LF:25
LH:25
BRDA:25,0,0,1
BRDA:25,1,0,1
BRDA:25,2,0,0
BRDA:25,3,0,0
BRDA:25,4,0,0
BRDA:25,5,0,0
BRDA:25,6,0,1
BRDA:25,7,0,1
BRDA:25,8,0,1
BRDA:25,9,0,1
BRDA:25,10,0,1
BRDA:25,11,0,0
BRDA:25,12,0,1
BRDA:25,13,0,1
BRDA:25,14,0,0
BRDA:25,15,0,2
BRDA:25,16,0,1
BRDA:25,17,0,1
BRDA:25,18,0,1
BRDA:25,19,0,1
BRDA:25,20,0,0
BRDA:25,21,0,3
BRDA:25,22,0,2
BRDA:25,23,0,2
BRDA:25,24,0,0
BRDA:25,25,0,4
BRDA:25,26,0,0
BRDA:25,27,0,0
BRDA:25,28,0,0
BRDA:25,29,0,0
BRDA:25,30,0,2
BRDA:25,31,0,2
BRDA:25,32,0,1
BRDA:25,33,0,0
BRDA:25,34,0,0
BRDA:25,35,0,1
BRDA:25,36,0,0
BRDA:25,37,0,0
BRDA:25,38,0,0
BRDA:25,39,0,0
BRDA:25,40,0,0
BRDA:25,41,0,2
BRDA:25,42,0,0
BRDA:25,43,0,2
BRDA:25,44,0,1
BRDA:25,45,0,0
BRDA:25,46,0,1
BRDA:25,47,0,0
BRDA:10,48,0,1
BRDA:11,49,0,1
BRDA:16,50,0,1
BRDA:25,51,0,1
BRDA:25,52,0,2
BRDA:17,53,0,1
BRDA:25,54,0,1
BRF:55
BRH:33
end_of_record
TN:
SF:src/modules/users/services/AuthenticateUserService.ts
FN:56,__decorate
FN:56,__metadata
FN:56,__param
FN:56,__awaiter
FN:56,adopt
FN:56,fulfilled
FN:56,rejected
FN:56,step
FN:56,__generator
FN:56,sent
FN:56,g.<computed>
FN:56,verb
FN:56,step
FN:56,__importDefault
FN:22,AuthenticateUserService
FN:30,AuthenticateUserService.execute
FNF:16
FNH:14
FNDA:1,__decorate
FNDA:1,__metadata
FNDA:2,__param
FNDA:3,__awaiter
FNDA:5,adopt
FNDA:5,fulfilled
FNDA:0,rejected
FNDA:6,step
FNDA:3,__generator
FNDA:5,sent
FNDA:0,g.<computed>
FNDA:9,verb
FNDA:8,step
FNDA:2,__importDefault
FNDA:3,AuthenticateUserService
FNDA:3,AuthenticateUserService.execute
DA:1,1
DA:2,1
DA:3,1
DA:4,1
DA:5,1
DA:6,1
DA:7,1
DA:8,1
DA:9,1
DA:10,1
DA:11,1
DA:12,1
DA:13,1
DA:14,1
DA:15,1
DA:16,1
DA:17,1
DA:18,1
DA:19,1
DA:20,1
DA:21,1
DA:22,1
DA:23,3
DA:24,3
DA:25,3
DA:26,3
DA:27,3
DA:28,3
DA:29,1
DA:30,1
DA:31,3
DA:32,3
DA:33,3
DA:34,2
DA:35,2
DA:36,2
DA:37,2
DA:38,2
DA:39,2
DA:40,2
DA:41,3
DA:42,3
DA:43,3
DA:44,1
DA:45,1
DA:46,1
DA:47,1
DA:48,1
DA:49,1
DA:50,1
DA:51,1
DA:52,1
DA:53,3
DA:54,1
DA:55,1
DA:56,1
LF:56
LH:56
BRDA:56,0,0,1
BRDA:56,1,0,1
BRDA:56,2,0,0
BRDA:56,3,0,0
BRDA:56,4,0,0
BRDA:56,5,0,0
BRDA:56,6,0,1
BRDA:56,7,0,2
BRDA:56,8,0,2
BRDA:56,9,0,3
BRDA:56,10,0,5
BRDA:56,11,0,0
BRDA:56,12,0,3
BRDA:56,13,0,5
BRDA:56,14,0,3
BRDA:56,15,0,2
BRDA:56,16,0,6
BRDA:56,17,0,1
BRDA:56,18,0,5
BRDA:56,19,0,3
BRDA:56,20,0,5
BRDA:56,21,0,0
BRDA:56,22,0,9
BRDA:56,23,0,8
BRDA:56,24,0,8
BRDA:56,25,0,0
BRDA:56,26,0,16
BRDA:56,27,0,0
BRDA:56,28,0,0
BRDA:56,29,0,0
BRDA:56,30,0,0
BRDA:56,31,0,8
BRDA:56,32,0,8
BRDA:56,33,0,5
BRDA:56,34,0,0
BRDA:56,35,0,0
BRDA:56,36,0,3
BRDA:56,37,0,0
BRDA:56,38,0,1
BRDA:56,39,0,0
BRDA:56,40,0,0
BRDA:56,41,0,0
BRDA:56,42,0,0
BRDA:56,43,0,8
BRDA:56,44,0,6
BRDA:56,45,0,2
BRDA:56,46,0,8
BRDA:56,47,0,3
BRDA:56,48,0,2
BRDA:56,49,0,1
BRDA:56,50,0,0
BRDA:56,51,0,2
BRDA:56,52,0,0
BRDA:21,53,0,1
BRDA:22,54,0,3
BRDA:30,55,0,3
BRDA:56,56,0,3
BRDA:56,57,0,8
BRDA:31,58,0,3
BRDA:56,59,0,3
BRDA:33,60,0,1
BRDA:33,61,0,2
BRDA:56,62,0,2
BRDA:43,63,0,1
BRF:64
BRH:44
end_of_record
TN:
SF:src/modules/users/services/CreateUserService.ts
FN:41,__decorate
FN:41,__metadata
FN:41,__param
FN:41,__awaiter
FN:41,adopt
FN:41,fulfilled
FN:41,rejected
FN:41,step
FN:41,__generator
FN:41,sent
FN:41,g.<computed>
FN:41,verb
FN:41,step
FN:41,__importDefault
FN:16,CreateUserService
FN:24,CreateUserService.execute
FNF:16
FNH:14
FNDA:2,__decorate
FNDA:2,__metadata
FNDA:4,__param
FNDA:5,__awaiter
FNDA:9,adopt
FNDA:9,fulfilled
FNDA:0,rejected
FNDA:13,step
FNDA:5,__generator
FNDA:9,sent
FNDA:0,g.<computed>
FNDA:15,verb
FNDA:14,step
FNDA:2,__importDefault
FNDA:5,CreateUserService
FNDA:5,CreateUserService.execute
DA:1,1
DA:2,1
DA:3,1
DA:4,1
DA:5,1
DA:6,1
DA:7,1
DA:8,1
DA:9,1
DA:10,1
DA:11,1
DA:12,1
DA:13,1
DA:14,1
DA:15,2
DA:16,2
DA:17,5
DA:18,5
DA:19,5
DA:20,5
DA:21,5
DA:22,5
DA:23,2
DA:24,2
DA:25,5
DA:26,5
DA:27,5
DA:28,4
DA:29,4
DA:30,5
DA:31,5
DA:32,5
DA:33,5
DA:34,5
DA:35,5
DA:36,5
DA:37,5
DA:38,5
DA:39,2
DA:40,1
DA:41,1
LF:41
LH:41
BRDA:41,0,0,2
BRDA:41,1,0,2
BRDA:41,2,0,0
BRDA:41,3,0,0
BRDA:41,4,0,0
BRDA:41,5,0,0
BRDA:41,6,0,2
BRDA:41,7,0,4
BRDA:41,8,0,4
BRDA:41,9,0,5
BRDA:41,10,0,9
BRDA:41,11,0,0
BRDA:41,12,0,5
BRDA:41,13,0,9
BRDA:41,14,0,8
BRDA:41,15,0,1
BRDA:41,16,0,13
BRDA:41,17,0,4
BRDA:41,18,0,9
BRDA:41,19,0,5
BRDA:41,20,0,9
BRDA:41,21,0,0
BRDA:41,22,0,15
BRDA:41,23,0,14
BRDA:41,24,0,14
BRDA:41,25,0,0
BRDA:41,26,0,28
BRDA:41,27,0,0
BRDA:41,28,0,0
BRDA:41,29,0,0
BRDA:41,30,0,0
BRDA:41,31,0,14
BRDA:41,32,0,14
BRDA:41,33,0,9
BRDA:41,34,0,0
BRDA:41,35,0,0
BRDA:41,36,0,5
BRDA:41,37,0,0
BRDA:41,38,0,4
BRDA:41,39,0,0
BRDA:41,40,0,0
BRDA:41,41,0,0
BRDA:41,42,0,0
BRDA:41,43,0,22
BRDA:41,44,0,14
BRDA:41,45,0,13
BRDA:41,46,0,1
BRDA:41,47,0,14
BRDA:41,48,0,5
BRDA:41,49,0,1
BRDA:41,50,0,4
BRDA:41,51,0,0
BRDA:41,52,0,2
BRDA:41,53,0,0
BRDA:15,54,0,2
BRDA:16,55,0,5
BRDA:24,56,0,5
BRDA:41,57,0,5
BRDA:41,58,0,14
BRDA:25,59,0,5
BRDA:41,60,0,5
BRDA:27,61,0,1
BRDA:27,62,0,4
BRDA:41,63,0,4
BRF:64
BRH:44
end_of_record
TN:
SF:src/modules/users/services/ResetPasswordService.ts
FN:52,__decorate
FN:52,__metadata
FN:52,__param
FN:52,__awaiter
FN:52,adopt
FN:52,fulfilled
FN:52,rejected
FN:52,step
FN:52,__generator
FN:52,sent
FN:52,g.<computed>
FN:52,verb
FN:52,step
FN:52,__importDefault
FN:15,ResetPasswordService
FN:26,ResetPasswordService.execute
FNF:16
FNH:14
FNDA:1,__decorate
FNDA:1,__metadata
FNDA:3,__param
FNDA:4,__awaiter
FNDA:9,adopt
FNDA:9,fulfilled
FNDA:0,rejected
FNDA:10,step
FNDA:4,__generator
FNDA:9,sent
FNDA:0,g.<computed>
FNDA:12,verb
FNDA:13,step
FNDA:1,__importDefault
FNDA:4,ResetPasswordService
FNDA:4,ResetPasswordService.execute
DA:1,1
DA:2,1
DA:3,1
DA:4,1
DA:5,1
DA:6,1
DA:7,1
DA:8,1
DA:9,1
DA:10,1
DA:11,1
DA:12,1
DA:13,1
DA:14,1
DA:15,1
DA:16,4
DA:17,4
DA:18,4
DA:19,4
DA:20,4
DA:21,4
DA:22,4
DA:23,4
DA:24,4
DA:25,1
DA:26,1
DA:27,4
DA:28,4
DA:29,4
DA:30,1
DA:31,1
DA:32,3
DA:33,3
DA:34,4
DA:35,4
DA:36,1
DA:37,1
DA:38,2
DA:39,2
DA:40,2
DA:41,2
DA:42,4
DA:43,1
DA:44,1
DA:45,1
DA:46,1
DA:47,4
DA:48,4
DA:49,4
DA:50,1
DA:51,1
DA:52,1
LF:52
LH:52
BRDA:52,0,0,1
BRDA:52,1,0,1
BRDA:52,2,0,0
BRDA:52,3,0,0
BRDA:52,4,0,0
BRDA:52,5,0,0
BRDA:52,6,0,1
BRDA:52,7,0,3
BRDA:52,8,0,3
BRDA:52,9,0,4
BRDA:52,10,0,9
BRDA:52,11,0,0
BRDA:52,12,0,4
BRDA:52,13,0,9
BRDA:52,14,0,6
BRDA:52,15,0,3
BRDA:52,16,0,10
BRDA:52,17,0,1
BRDA:52,18,0,9
BRDA:52,19,0,4
BRDA:52,20,0,9
BRDA:52,21,0,0
BRDA:52,22,0,12
BRDA:52,23,0,13
BRDA:52,24,0,13
BRDA:52,25,0,0
BRDA:52,26,0,26
BRDA:52,27,0,0
BRDA:52,28,0,0
BRDA:52,29,0,0
BRDA:52,30,0,0
BRDA:52,31,0,13
BRDA:52,32,0,13
BRDA:52,33,0,9
BRDA:52,34,0,0
BRDA:52,35,0,0
BRDA:52,36,0,4
BRDA:52,37,0,0
BRDA:52,38,0,1
BRDA:52,39,0,0
BRDA:52,40,0,0
BRDA:52,41,0,0
BRDA:52,42,0,0
BRDA:52,43,0,13
BRDA:52,44,0,10
BRDA:52,45,0,3
BRDA:52,46,0,13
BRDA:52,47,0,4
BRDA:52,48,0,3
BRDA:52,49,0,1
BRDA:52,50,0,0
BRDA:52,51,0,1
BRDA:52,52,0,0
BRDA:14,53,0,1
BRDA:15,54,0,4
BRDA:26,55,0,4
BRDA:52,56,0,4
BRDA:52,57,0,13
BRDA:27,58,0,4
BRDA:52,59,0,4
BRDA:29,60,0,1
BRDA:31,61,0,3
BRDA:52,62,0,3
BRDA:35,63,0,1
BRDA:37,64,0,2
BRDA:42,65,0,1
BRDA:52,66,0,1
BRDA:52,67,0,1
BRF:68
BRH:48
end_of_record
TN:
SF:src/modules/users/services/SendForgotPasswordEmailService.ts
FN:59,__decorate
FN:59,__metadata
FN:59,__param
FN:59,__awaiter
FN:59,adopt
FN:59,fulfilled
FN:59,rejected
FN:59,step
FN:59,__generator
FN:59,sent
FN:59,g.<computed>
FN:59,verb
FN:59,step
FN:59,__importDefault
FN:15,SendForgotPasswordEmailService
FN:26,SendForgotPasswordEmailService.execute
FNF:16
FNH:14
FNDA:1,__decorate
FNDA:1,__metadata
FNDA:3,__param
FNDA:3,__awaiter
FNDA:7,adopt
FNDA:7,fulfilled
FNDA:0,rejected
FNDA:9,step
FNDA:3,__generator
FNDA:7,sent
FNDA:0,g.<computed>
FNDA:9,verb
FNDA:10,step
FNDA:2,__importDefault
FNDA:3,SendForgotPasswordEmailService
FNDA:3,SendForgotPasswordEmailService.execute
DA:1,1
DA:2,1
DA:3,1
DA:4,1
DA:5,1
DA:6,1
DA:7,1
DA:8,1
DA:9,1
DA:10,1
DA:11,1
DA:12,1
DA:13,1
DA:14,1
DA:15,1
DA:16,3
DA:17,3
DA:18,3
DA:19,3
DA:20,3
DA:21,3
DA:22,3
DA:23,3
DA:24,3
DA:25,1
DA:26,1
DA:27,3
DA:28,3
DA:29,3
DA:30,1
DA:31,1
DA:32,2
DA:33,2
DA:34,3
DA:35,3
DA:36,3
DA:37,3
DA:38,3
DA:39,3
DA:40,3
DA:41,3
DA:42,3
DA:43,3
DA:44,3
DA:45,3
DA:46,3
DA:47,3
DA:48,3
DA:49,3
DA:50,3
DA:51,3
DA:52,3
DA:53,3
DA:54,3
DA:55,3
DA:56,3
DA:57,1
DA:58,1
DA:59,1
LF:59
LH:59
BRDA:59,0,0,1
BRDA:59,1,0,1
BRDA:59,2,0,0
BRDA:59,3,0,0
BRDA:59,4,0,0
BRDA:59,5,0,0
BRDA:59,6,0,1
BRDA:59,7,0,3
BRDA:59,8,0,3
BRDA:59,9,0,3
BRDA:59,10,0,7
BRDA:59,11,0,0
BRDA:59,12,0,3
BRDA:59,13,0,7
BRDA:59,14,0,6
BRDA:59,15,0,1
BRDA:59,16,0,9
BRDA:59,17,0,2
BRDA:59,18,0,7
BRDA:59,19,0,3
BRDA:59,20,0,7
BRDA:59,21,0,0
BRDA:59,22,0,9
BRDA:59,23,0,10
BRDA:59,24,0,10
BRDA:59,25,0,0
BRDA:59,26,0,20
BRDA:59,27,0,0
BRDA:59,28,0,0
BRDA:59,29,0,0
BRDA:59,30,0,0
BRDA:59,31,0,10
BRDA:59,32,0,10
BRDA:59,33,0,7
BRDA:59,34,0,0
BRDA:59,35,0,0
BRDA:59,36,0,3
BRDA:59,37,0,0
BRDA:59,38,0,2
BRDA:59,39,0,0
BRDA:59,40,0,0
BRDA:59,41,0,0
BRDA:59,42,0,0
BRDA:59,43,0,10
BRDA:59,44,0,9
BRDA:59,45,0,1
BRDA:59,46,0,10
BRDA:59,47,0,3
BRDA:59,48,0,1
BRDA:59,49,0,2
BRDA:59,50,0,0
BRDA:59,51,0,2
BRDA:59,52,0,1
BRDA:59,53,0,1
BRDA:14,54,0,1
BRDA:15,55,0,3
BRDA:26,56,0,3
BRDA:59,57,0,3
BRDA:59,58,0,10
BRDA:27,59,0,3
BRDA:59,60,0,3
BRDA:29,61,0,1
BRDA:31,62,0,2
BRDA:59,63,0,2
BRDA:59,64,0,2
BRF:65
BRH:46
end_of_record
TN:
SF:src/modules/users/services/ShowProfileService.ts
FN:29,__decorate
FN:29,__metadata
FN:29,__param
FN:29,__awaiter
FN:29,adopt
FN:29,fulfilled
FN:29,rejected
FN:29,step
FN:29,__generator
FN:29,sent
FN:29,g.<computed>
FN:29,verb
FN:29,step
FN:29,__importDefault
FN:13,ShowProfileService
FN:18,ShowProfileService.execute
FNF:16
FNH:14
FNDA:1,__decorate
FNDA:1,__metadata
FNDA:1,__param
FNDA:2,__awaiter
FNDA:2,adopt
FNDA:2,fulfilled
FNDA:0,rejected
FNDA:3,step
FNDA:2,__generator
FNDA:2,sent
FNDA:0,g.<computed>
FNDA:6,verb
FNDA:4,step
FNDA:1,__importDefault
FNDA:2,ShowProfileService
FNDA:2,ShowProfileService.execute
DA:1,1
DA:2,1
DA:3,1
DA:4,1
DA:5,1
DA:6,1
DA:7,1
DA:8,1
DA:9,1
DA:10,1
DA:11,1
DA:12,1
DA:13,1
DA:14,2
DA:15,2
DA:16,2
DA:17,1
DA:18,1
DA:19,2
DA:20,2
DA:21,2
DA:22,1
DA:23,1
DA:24,1
DA:25,1
DA:26,2
DA:27,1
DA:28,1
DA:29,1
LF:29
LH:29
BRDA:29,0,0,1
BRDA:29,1,0,1
BRDA:29,2,0,0
BRDA:29,3,0,0
BRDA:29,4,0,0
BRDA:29,5,0,0
BRDA:29,6,0,1
BRDA:29,7,0,1
BRDA:29,8,0,1
BRDA:29,9,0,2
BRDA:29,10,0,2
BRDA:29,11,0,0
BRDA:29,12,0,2
BRDA:29,13,0,2
BRDA:29,14,0,1
BRDA:29,15,0,3
BRDA:29,16,0,1
BRDA:29,17,0,2
BRDA:29,18,0,2
BRDA:29,19,0,2
BRDA:29,20,0,0
BRDA:29,21,0,6
BRDA:29,22,0,4
BRDA:29,23,0,4
BRDA:29,24,0,0
BRDA:29,25,0,8
BRDA:29,26,0,0
BRDA:29,27,0,0
BRDA:29,28,0,0
BRDA:29,29,0,0
BRDA:29,30,0,4
BRDA:29,31,0,4
BRDA:29,32,0,2
BRDA:29,33,0,0
BRDA:29,34,0,0
BRDA:29,35,0,2
BRDA:29,36,0,0
BRDA:29,37,0,1
BRDA:29,38,0,0
BRDA:29,39,0,0
BRDA:29,40,0,0
BRDA:29,41,0,0
BRDA:29,42,0,4
BRDA:29,43,0,3
BRDA:29,44,0,1
BRDA:29,45,0,4
BRDA:29,46,0,2
BRDA:29,47,0,1
BRDA:29,48,0,0
BRDA:29,49,0,1
BRDA:29,50,0,0
BRDA:12,51,0,1
BRDA:13,52,0,2
BRDA:18,53,0,2
BRDA:29,54,0,2
BRDA:29,55,0,4
BRDA:19,56,0,2
BRDA:29,57,0,2
BRDA:21,58,0,1
BRF:59
BRH:39
end_of_record
TN:
SF:src/modules/users/services/UpdateProfileService.ts
FN:70,__decorate
FN:70,__metadata
FN:70,__param
FN:70,__awaiter
FN:70,adopt
FN:70,fulfilled
FN:70,rejected
FN:70,step
FN:70,__generator
FN:70,sent
FN:70,g.<computed>
FN:70,verb
FN:70,step
FN:70,__importDefault
FN:17,UpdateProfileService
FN:25,UpdateProfileService.execute
FNF:16
FNH:14
FNDA:1,__decorate
FNDA:1,__metadata
FNDA:2,__param
FNDA:6,__awaiter
FNDA:14,adopt
FNDA:14,fulfilled
FNDA:0,rejected
FNDA:16,step
FNDA:6,__generator
FNDA:14,sent
FNDA:0,g.<computed>
FNDA:18,verb
FNDA:20,step
FNDA:1,__importDefault
FNDA:6,UpdateProfileService
FNDA:6,UpdateProfileService.execute
DA:1,1
DA:2,1
DA:3,1
DA:4,1
DA:5,1
DA:6,1
DA:7,1
DA:8,1
DA:9,1
DA:10,1
DA:11,1
DA:12,1
DA:13,1
DA:14,1
DA:15,1
DA:16,1
DA:17,1
DA:18,6
DA:19,6
DA:20,6
DA:21,6
DA:22,6
DA:23,6
DA:24,1
DA:25,1
DA:26,6
DA:27,6
DA:28,6
DA:29,6
DA:30,6
DA:31,6
DA:32,6
DA:33,6
DA:34,6
DA:35,1
DA:36,1
DA:37,5
DA:38,5
DA:39,6
DA:40,6
DA:41,1
DA:42,1
DA:43,4
DA:44,4
DA:45,4
DA:46,4
DA:47,6
DA:48,1
DA:49,1
DA:50,1
DA:51,1
DA:52,3
DA:53,6
DA:54,2
DA:55,2
DA:56,2
DA:57,2
DA:58,6
DA:59,6
DA:60,1
DA:61,1
DA:62,1
DA:63,1
DA:64,6
DA:65,6
DA:66,6
DA:67,6
DA:68,1
DA:69,1
DA:70,1
LF:70
LH:70
BRDA:70,0,0,1
BRDA:70,1,0,1
BRDA:70,2,0,0
BRDA:70,3,0,0
BRDA:70,4,0,0
BRDA:70,5,0,0
BRDA:70,6,0,1
BRDA:70,7,0,2
BRDA:70,8,0,2
BRDA:70,9,0,6
BRDA:70,10,0,14
BRDA:70,11,0,0
BRDA:70,12,0,6
BRDA:70,13,0,14
BRDA:70,14,0,10
BRDA:70,15,0,4
BRDA:70,16,0,16
BRDA:70,17,0,2
BRDA:70,18,0,14
BRDA:70,19,0,6
BRDA:70,20,0,14
BRDA:70,21,0,0
BRDA:70,22,0,18
BRDA:70,23,0,20
BRDA:70,24,0,20
BRDA:70,25,0,0
BRDA:70,26,0,41
BRDA:70,27,0,0
BRDA:70,28,0,0
BRDA:70,29,0,0
BRDA:70,30,0,0
BRDA:70,31,0,20
BRDA:70,32,0,20
BRDA:70,33,0,14
BRDA:70,34,0,0
BRDA:70,35,0,0
BRDA:70,36,0,7
BRDA:70,37,0,0
BRDA:70,38,0,3
BRDA:70,39,0,6
BRDA:70,40,0,1
BRDA:70,41,0,0
BRDA:70,42,0,1
BRDA:70,43,0,0
BRDA:70,44,0,0
BRDA:70,45,0,0
BRDA:70,46,0,21
BRDA:70,47,0,17
BRDA:70,48,0,4
BRDA:70,49,0,21
BRDA:70,50,0,6
BRDA:70,51,0,4
BRDA:70,52,0,2
BRDA:70,53,0,0
BRDA:70,54,0,1
BRDA:70,55,0,0
BRDA:16,56,0,1
BRDA:17,57,0,6
BRDA:25,58,0,6
BRDA:70,59,0,6
BRDA:70,60,0,21
BRDA:32,61,0,6
BRDA:70,62,0,6
BRDA:34,63,0,1
BRDA:36,64,0,5
BRDA:70,65,0,5
BRDA:40,66,0,1
BRDA:40,67,0,1
BRDA:42,68,0,4
BRDA:47,69,0,3
BRDA:47,70,0,1
BRDA:51,71,0,3
BRDA:53,72,0,2
BRDA:53,73,0,1
BRDA:53,74,0,2
BRDA:70,75,0,2
BRDA:59,76,0,1
BRDA:70,77,0,1
BRDA:66,78,0,2
BRF:79
BRH:59
end_of_record
TN:
SF:src/modules/users/services/UpdateUserAvatarService.ts
FN:42,__decorate
FN:42,__metadata
FN:42,__param
FN:42,__awaiter
FN:42,adopt
FN:42,fulfilled
FN:42,rejected
FN:42,step
FN:42,__generator
FN:42,sent
FN:42,g.<computed>
FN:42,verb
FN:42,step
FN:42,__importDefault
FN:15,UpdateUserAvatarService
FN:23,UpdateUserAvatarService.execute
FNF:16
FNH:14
FNDA:1,__decorate
FNDA:1,__metadata
FNDA:2,__param
FNDA:4,__awaiter
FNDA:11,adopt
FNDA:11,fulfilled
FNDA:0,rejected
FNDA:14,step
FNDA:4,__generator
FNDA:11,sent
FNDA:0,g.<computed>
FNDA:12,verb
FNDA:15,step
FNDA:1,__importDefault
FNDA:3,UpdateUserAvatarService
FNDA:4,UpdateUserAvatarService.execute
DA:1,1
DA:2,1
DA:3,1
DA:4,1
DA:5,1
DA:6,1
DA:7,1
DA:8,1
DA:9,1
DA:10,1
DA:11,1
DA:12,1
DA:13,1
DA:14,1
DA:15,1
DA:16,3
DA:17,3
DA:18,3
DA:19,3
DA:20,3
DA:21,3
DA:22,1
DA:23,1
DA:24,4
DA:25,4
DA:26,4
DA:27,4
DA:28,3
DA:29,3
DA:30,1
DA:31,4
DA:32,4
DA:33,4
DA:34,4
DA:35,4
DA:36,4
DA:37,4
DA:38,4
DA:39,4
DA:40,1
DA:41,1
DA:42,1
LF:42
LH:42
BRDA:42,0,0,1
BRDA:42,1,0,1
BRDA:42,2,0,0
BRDA:42,3,0,0
BRDA:42,4,0,0
BRDA:42,5,0,0
BRDA:42,6,0,1
BRDA:42,7,0,2
BRDA:42,8,0,2
BRDA:42,9,0,4
BRDA:42,10,0,11
BRDA:42,11,0,0
BRDA:42,12,0,4
BRDA:42,13,0,11
BRDA:42,14,0,10
BRDA:42,15,0,1
BRDA:42,16,0,14
BRDA:42,17,0,3
BRDA:42,18,0,11
BRDA:42,19,0,4
BRDA:42,20,0,11
BRDA:42,21,0,0
BRDA:42,22,0,12
BRDA:42,23,0,15
BRDA:42,24,0,15
BRDA:42,25,0,0
BRDA:42,26,0,32
BRDA:42,27,0,0
BRDA:42,28,0,0
BRDA:42,29,0,0
BRDA:42,30,0,0
BRDA:42,31,0,15
BRDA:42,32,0,15
BRDA:42,33,0,11
BRDA:42,34,0,0
BRDA:42,35,0,0
BRDA:42,36,0,6
BRDA:42,37,0,0
BRDA:42,38,0,5
BRDA:42,39,0,4
BRDA:42,40,0,2
BRDA:42,41,0,0
BRDA:42,42,0,2
BRDA:42,43,0,0
BRDA:42,44,0,0
BRDA:42,45,0,0
BRDA:42,46,0,17
BRDA:42,47,0,16
BRDA:42,48,0,1
BRDA:42,49,0,17
BRDA:42,50,0,4
BRDA:42,51,0,1
BRDA:42,52,0,3
BRDA:42,53,0,0
BRDA:42,54,0,1
BRDA:42,55,0,0
BRDA:14,56,0,1
BRDA:15,57,0,3
BRDA:23,58,0,4
BRDA:42,59,0,4
BRDA:42,60,0,17
BRDA:24,61,0,4
BRDA:42,62,0,4
BRDA:27,63,0,1
BRDA:27,64,0,3
BRDA:29,65,0,2
BRDA:29,66,0,1
BRDA:42,67,0,1
BRDA:33,68,0,3
BRDA:42,69,0,3
BRDA:42,70,0,3
BRF:71
BRH:51
end_of_record
